[debug] [2025-08-28T19:31:46.136Z] ----------------------------------------------------------------------
[debug] [2025-08-28T19:31:46.140Z] Command:       /Users/terrosin/.nvm/versions/node/v20.19.4/bin/node /Users/terrosin/.nvm/versions/node/v20.19.4/bin/firebase serve --only hosting
[debug] [2025-08-28T19:31:46.141Z] CLI Version:   14.14.0
[debug] [2025-08-28T19:31:46.141Z] Platform:      darwin
[debug] [2025-08-28T19:31:46.141Z] Node Version:  v20.19.4
[debug] [2025-08-28T19:31:46.141Z] Time:          Thu Aug 28 2025 14:31:46 GMT-0500 (Central Daylight Time)
[debug] [2025-08-28T19:31:46.141Z] ----------------------------------------------------------------------
[debug] 
[debug] [2025-08-28T19:31:46.396Z] > command requires scopes: ["email","openid","https://www.googleapis.com/auth/cloudplatformprojects.readonly","https://www.googleapis.com/auth/firebase","https://www.googleapis.com/auth/cloud-platform"]
[debug] [2025-08-28T19:31:46.397Z] > authorizing via signed-in user (trosinski89@gmail.com)
[debug] [2025-08-28T19:31:46.397Z] [iam] checking project sauce-showdown for permissions ["firebase.projects.get"]
[debug] [2025-08-28T19:31:46.398Z] Checked if tokens are valid: true, expires at: 1756413011695
[debug] [2025-08-28T19:31:46.398Z] Checked if tokens are valid: true, expires at: 1756413011695
[debug] [2025-08-28T19:31:46.402Z] >>> [apiv2][query] POST https://cloudresourcemanager.googleapis.com/v1/projects/sauce-showdown:testIamPermissions [none]
[debug] [2025-08-28T19:31:46.402Z] >>> [apiv2][(partial)header] POST https://cloudresourcemanager.googleapis.com/v1/projects/sauce-showdown:testIamPermissions x-goog-quota-user=projects/sauce-showdown
[debug] [2025-08-28T19:31:46.403Z] >>> [apiv2][body] POST https://cloudresourcemanager.googleapis.com/v1/projects/sauce-showdown:testIamPermissions {"permissions":["firebase.projects.get"]}
[debug] [2025-08-28T19:31:46.622Z] <<< [apiv2][status] POST https://cloudresourcemanager.googleapis.com/v1/projects/sauce-showdown:testIamPermissions 200
[debug] [2025-08-28T19:31:46.623Z] <<< [apiv2][body] POST https://cloudresourcemanager.googleapis.com/v1/projects/sauce-showdown:testIamPermissions {"permissions":["firebase.projects.get"]}
[debug] [2025-08-28T19:31:46.623Z] Checked if tokens are valid: true, expires at: 1756413011695
[debug] [2025-08-28T19:31:46.624Z] Checked if tokens are valid: true, expires at: 1756413011695
[debug] [2025-08-28T19:31:46.624Z] >>> [apiv2][query] GET https://serviceusage.googleapis.com/v1/projects/sauce-showdown/services/cloudresourcemanager.googleapis.com [none]
[debug] [2025-08-28T19:31:46.624Z] >>> [apiv2][(partial)header] GET https://serviceusage.googleapis.com/v1/projects/sauce-showdown/services/cloudresourcemanager.googleapis.com x-goog-quota-user=projects/sauce-showdown
[debug] [2025-08-28T19:31:46.950Z] <<< [apiv2][status] GET https://serviceusage.googleapis.com/v1/projects/sauce-showdown/services/cloudresourcemanager.googleapis.com 200
[debug] [2025-08-28T19:31:46.950Z] <<< [apiv2][body] GET https://serviceusage.googleapis.com/v1/projects/sauce-showdown/services/cloudresourcemanager.googleapis.com [omitted]
[debug] [2025-08-28T19:31:46.976Z] Checked if tokens are valid: true, expires at: 1756413011695
[debug] [2025-08-28T19:31:46.976Z] Checked if tokens are valid: true, expires at: 1756413011695
[debug] [2025-08-28T19:31:46.976Z] >>> [apiv2][query] GET https://cloudresourcemanager.googleapis.com/v1/projects/sauce-showdown [none]
[debug] [2025-08-28T19:31:47.072Z] <<< [apiv2][status] GET https://cloudresourcemanager.googleapis.com/v1/projects/sauce-showdown 200
[debug] [2025-08-28T19:31:47.072Z] <<< [apiv2][body] GET https://cloudresourcemanager.googleapis.com/v1/projects/sauce-showdown {"projectNumber":"554114790974","projectId":"sauce-showdown","lifecycleState":"ACTIVE","name":"Sauce-Showdown","labels":{"firebase":"enabled","firebase-core":"disabled"},"createTime":"2025-08-26T20:17:03.910434Z"}
[debug] [2025-08-28T19:31:47.074Z] Checked if tokens are valid: true, expires at: 1756413011695
[debug] [2025-08-28T19:31:47.075Z] Checked if tokens are valid: true, expires at: 1756413011695
[debug] [2025-08-28T19:31:47.076Z] >>> [apiv2][query] GET https://firebasehosting.googleapis.com/v1beta1/projects/sauce-showdown/sites 
[debug] [2025-08-28T19:31:47.419Z] <<< [apiv2][status] GET https://firebasehosting.googleapis.com/v1beta1/projects/sauce-showdown/sites 200
[debug] [2025-08-28T19:31:47.419Z] <<< [apiv2][body] GET https://firebasehosting.googleapis.com/v1beta1/projects/sauce-showdown/sites {"sites":[{"name":"projects/sauce-showdown/sites/sauce-showdown","defaultUrl":"https://sauce-showdown.web.app","appId":"1:554114790974:web:c951f09ebb6dcf1751036f","type":"DEFAULT_SITE"}]}
[debug] [2025-08-28T19:31:47.419Z] Checked if tokens are valid: true, expires at: 1756413011695
[debug] [2025-08-28T19:31:47.419Z] Checked if tokens are valid: true, expires at: 1756413011695
[debug] [2025-08-28T19:31:47.420Z] >>> [apiv2][query] GET https://firebase.googleapis.com/v1beta1/projects/sauce-showdown/webApps/1:554114790974:web:c951f09ebb6dcf1751036f/config [none]
[debug] [2025-08-28T19:31:47.994Z] <<< [apiv2][status] GET https://firebase.googleapis.com/v1beta1/projects/sauce-showdown/webApps/1:554114790974:web:c951f09ebb6dcf1751036f/config 200
[debug] [2025-08-28T19:31:47.995Z] <<< [apiv2][body] GET https://firebase.googleapis.com/v1beta1/projects/sauce-showdown/webApps/1:554114790974:web:c951f09ebb6dcf1751036f/config {"projectId":"sauce-showdown","appId":"1:554114790974:web:c951f09ebb6dcf1751036f","storageBucket":"sauce-showdown.firebasestorage.app","apiKey":"AIzaSyD7OCQNRp6Eki7e9-oTVhokWBBe0aUNm-M","authDomain":"sauce-showdown.firebaseapp.com","messagingSenderId":"554114790974","measurementId":"G-MQNTJ1X88S"}
[debug] [2025-08-28T19:31:48.027Z] Checked if tokens are valid: true, expires at: 1756413011695
[debug] [2025-08-28T19:31:48.028Z] Checked if tokens are valid: true, expires at: 1756413011695
[debug] [2025-08-28T19:31:48.028Z] >>> [apiv2][query] GET https://firebase.googleapis.com/v1beta1/projects/sauce-showdown [none]
[debug] [2025-08-28T19:31:48.218Z] <<< [apiv2][status] GET https://firebase.googleapis.com/v1beta1/projects/sauce-showdown 200
[debug] [2025-08-28T19:31:48.218Z] <<< [apiv2][body] GET https://firebase.googleapis.com/v1beta1/projects/sauce-showdown {"projectId":"sauce-showdown","projectNumber":"554114790974","displayName":"Sauce-Showdown","name":"projects/sauce-showdown","resources":{"hostingSite":"sauce-showdown"},"state":"ACTIVE","etag":"1_519efbb7-600c-4667-babb-b45923a3634a"}
[info] i  hosting[sauce-showdown]: Serving hosting files from: out {"metadata":{"emulator":{"name":"hosting"},"message":"Serving hosting files from: \u001b[1mout\u001b[22m"}}
[info] ✔  hosting[sauce-showdown]: Local server: http://localhost:5000 {"metadata":{"emulator":{"name":"hosting"},"message":"Local server: \u001b[4m\u001b[1mhttp://localhost:5000\u001b[22m\u001b[24m"}}
